Start testing: Aug 24 22:55 CEST
----------------------------------------------------------
Test not available without configuration.  (Missing "-C <config>"?)
1/1 Testing: biliardo_test
1/1 Test: biliardo_test
Command: "NOT_AVAILABLE"
Directory: /home/cperoni/laboratori/progetto/build
"biliardo_test" start time: 
Output:
----------------------------------------------------------
<end of output>
Test time =   0.00 sec
----------------------------------------------------------
Test Passed.
"biliardo_test" end time: Aug 24 22:55 CEST
"biliardo_test" time elapsed: 00:00:00
----------------------------------------------------------

End testing: Aug 24 22:55 CEST
